Arguments: 
  C:\Program Files\nodejs\node.exe C:\Users\Jang-oi\AppData\Roaming\npm\node_modules\yarn\bin\yarn.js install

PATH: 
  D:\Oculus\Support\oculus-runtime;C:\Windows\system32;C:\Windows;C:\Windows\System32\Wbem;C:\Windows\System32\WindowsPowerShell\v1.0\;C:\Windows\System32\OpenSSH\;Z:\Tools\Git\cmd;C:\Program Files (x86)\PuTTY\;C:\Users\Jang-oi\AppData\Local\bin\NASM;C:\Program Files\OpenSSL\bin;C:\Program Files (x86)\NVIDIA Corporation\PhysX\Common;C:\Program Files\NVIDIA Corporation\NVIDIA NvDLISR;;C:\Program Files\nodejs\;C:\Users\Jang-oi\AppData\Local\Microsoft\WindowsApps;C:\Program Files\Bandizip\;;C:\Users\Jang-oi\AppData\Roaming\npm

Yarn version: 
  1.22.19

Node version: 
  20.10.0

Platform: 
  win32 x64

Trace: 
  SyntaxError: Z:\Projects\seller-supporter\seller-supporter-electron\package.json: Expected double-quoted property name in JSON at position 154
      at JSON.parse (<anonymous>)
      at C:\Users\Jang-oi\AppData\Roaming\npm\node_modules\yarn\lib\cli.js:1629:59
      at Generator.next (<anonymous>)
      at step (C:\Users\Jang-oi\AppData\Roaming\npm\node_modules\yarn\lib\cli.js:310:30)
      at C:\Users\Jang-oi\AppData\Roaming\npm\node_modules\yarn\lib\cli.js:321:13

npm manifest: 
  {
    "name": "seller-supporter-electron",
    "version": "1.0.0",
    "main": "index.js",
    "license": "MIT",
    "dependencies": {
      "electron": "^28.2.1",
    },
    "devDependencies": {
      "electron-builder": "^24.9.1"
    }
  }

yarn manifest: 
  No manifest

Lockfile: 
  No lockfile
